114baf7d-067b-4733-8271-735516305ea1	07.09.2022 12:50:00		PUT	/users	undefined
6764ec03-e71d-4001-9ce3-d8be2b014a7e	07.09.2022 12:50:05		PUT	/users	undefined
d15dab65-41fa-467a-a5be-1031e7ec076a	07.09.2022 12:50:30		PUT	/users	undefined
ef4c5580-9e64-4eb5-a598-5bc98ef62d2a	07.09.2022 12:50:40		PUT	/users	undefined
c6c81516-8948-4396-9f51-ef7a4baa2209	07.09.2022 12:56:22		POST	/users	undefined
cb8c67a9-3157-498a-8f22-acb504dfc57b	07.09.2022 12:56:37		PUT	/users	undefined
a85c720d-d10b-4d70-9c9f-92dfdf9cd2d9	07.09.2022 12:56:48		DELETE	/users	undefined
733fb30b-8ea2-4c03-b038-dec3b525f21d	07.09.2022 12:58:18		DELETE	/users	undefined
e7795c78-3583-4dbc-a4d5-dc5c73da346a	07.09.2022 12:58:23		DELETE	/users	undefined
70e7a126-c7a2-4ff7-9973-38443444180d	07.09.2022 12:58:30		DELETE	/users	undefined
1a01cb6e-4fad-4134-a2b3-d3fec8f53763	07.09.2022 12:58:45		POST	/users	undefined
f3c8815d-b492-499a-83ce-145f0db042c4	07.09.2022 12:58:53		PUT	/users	undefined
49615607-a871-4928-8421-45fb9a460229	07.09.2022 12:59:52		DELETE	/users	undefined
d7ff9797-0529-4613-8a0a-69b72065696c	07.09.2022 13:00:01		DELETE	/users	undefined
61b34554-0ecc-42f7-bd50-1c672a504924	07.09.2022 13:00:54		DELETE	/users	undefined
147fcb29-76f4-40e9-8168-9f411ff9f02c	07.09.2022 13:01:03		POST	/users	undefined
f57c2d8a-8500-46a4-b3ce-db49f9826077	07.09.2022 13:01:10		DELETE	/users	undefined
b4c973f1-9b75-4275-82f0-ffc974a04202	07.09.2022 13:05:10		GET	/users/1	undefined
02070200-08e8-4382-94e1-d44b6faaa9e8	07.09.2022 13:06:25		GET	/users/1	undefined
3af39e9a-0268-40d2-ac9f-b840f3a82bbf	07.09.2022 13:06:29		GET	/users/2	undefined
7b703807-dfb9-4c47-805e-c8828b1a1657	07.09.2022 13:06:32		GET	/users/5	undefined
cc761a51-ce25-4596-a6d6-e7966d2dbc1f	07.09.2022 13:06:35		GET	/users/	undefined
4bd8040b-e9f7-4d44-885c-3355d9ad4af6	07.09.2022 13:18:50		POST	/users/	undefined
2728d6e2-1e3e-4b22-818f-4a3693d77fdc	07.09.2022 13:18:56		POST	/users/	undefined
ba0f4bd2-80ed-4a6f-9a61-454fb0b3d9fa	07.09.2022 13:21:06		PUT	/users/	undefined
d67f1b46-2214-4f4d-852e-c99587b3b28a	07.09.2022 13:21:16		DELETE	/users/	undefined
faa9ff4c-f84d-4d0b-8116-c702871f4bd5	07.09.2022 13:21:37		DELETE	/users/	undefined
85a93adc-5600-4d58-9518-5e68cd26d3cd	07.09.2022 13:21:46		POST	/users/	undefined
e509209b-44eb-407e-9f52-d1ed461a7d4b	07.09.2022 13:21:56		DELETE	/users/	undefined
663031ba-e716-4ef0-86f5-93095cc13e4b	07.09.2022 13:22:03		PUT	/users/	undefined
82f2bbd7-047d-481c-8a84-e4b0baa90641	07.09.2022 13:22:09		DELETE	/users/	undefined
